This file contains any messages produced by compilers while
running configure, to aid debugging if configure makes a mistake.

It was created by configure, which was
generated by GNU Autoconf 2.67.  Invocation command line was

  $ ./configure 

## --------- ##
## Platform. ##
## --------- ##

hostname = egesawo
uname -m = x86_64
uname -r = 5.4.0-92-generic
uname -s = Linux
uname -v = #103-Ubuntu SMP Fri Nov 26 16:13:00 UTC 2021

/usr/bin/uname -p = x86_64
/bin/uname -X     = unknown

/bin/arch              = x86_64
/usr/bin/arch -k       = unknown
/usr/convex/getsysinfo = unknown
/usr/bin/hostinfo      = unknown
/bin/machine           = unknown
/usr/bin/oslevel       = unknown
/bin/universe          = unknown

PATH: /home/egesa/Documents/Map/bin
PATH: /home/egesa/.local/bin
PATH: /usr/local/sbin
PATH: /usr/local/bin
PATH: /usr/sbin
PATH: /usr/bin
PATH: /sbin
PATH: /bin
PATH: /usr/games
PATH: /usr/local/games
PATH: /snap/bin


## ----------- ##
## Core tests. ##
## ----------- ##

configure:2596: checking build system type
configure:2610: result: x86_64-unknown-linux-gnu
configure:2630: checking host system type
configure:2643: result: x86_64-unknown-linux-gnu
configure:2663: checking target system type
configure:2676: result: x86_64-unknown-linux-gnu
configure:2738: checking for a BSD-compatible install
configure:2806: result: /usr/bin/install -c
configure:2817: checking whether build environment is sane
configure:2867: result: yes
configure:3008: checking for a thread-safe mkdir -p
configure:3047: result: /usr/bin/mkdir -p
configure:3060: checking for gawk
configure:3076: found /usr/bin/gawk
configure:3087: result: gawk
configure:3098: checking whether make sets $(MAKE)
configure:3120: result: yes
configure:3192: checking whether to enable maintainer-specific portions of Makefiles
configure:3201: result: no
configure:3264: checking for gcc
configure:3280: found /usr/bin/gcc
configure:3291: result: gcc
configure:3520: checking for C compiler version
configure:3529: gcc --version >&5
gcc (Ubuntu 9.3.0-17ubuntu1~20.04) 9.3.0
Copyright (C) 2019 Free Software Foundation, Inc.
This is free software; see the source for copying conditions.  There is NO
warranty; not even for MERCHANTABILITY or FITNESS FOR A PARTICULAR PURPOSE.

configure:3540: $? = 0
configure:3529: gcc -v >&5
Using built-in specs.
COLLECT_GCC=gcc
COLLECT_LTO_WRAPPER=/usr/lib/gcc/x86_64-linux-gnu/9/lto-wrapper
OFFLOAD_TARGET_NAMES=nvptx-none:hsa
OFFLOAD_TARGET_DEFAULT=1
Target: x86_64-linux-gnu
Configured with: ../src/configure -v --with-pkgversion='Ubuntu 9.3.0-17ubuntu1~20.04' --with-bugurl=file:///usr/share/doc/gcc-9/README.Bugs --enable-languages=c,ada,c++,go,brig,d,fortran,objc,obj-c++,gm2 --prefix=/usr --with-gcc-major-version-only --program-suffix=-9 --program-prefix=x86_64-linux-gnu- --enable-shared --enable-linker-build-id --libexecdir=/usr/lib --without-included-gettext --enable-threads=posix --libdir=/usr/lib --enable-nls --enable-clocale=gnu --enable-libstdcxx-debug --enable-libstdcxx-time=yes --with-default-libstdcxx-abi=new --enable-gnu-unique-object --disable-vtable-verify --enable-plugin --enable-default-pie --with-system-zlib --with-target-system-zlib=auto --enable-objc-gc=auto --enable-multiarch --disable-werror --with-arch-32=i686 --with-abi=m64 --with-multilib-list=m32,m64,mx32 --enable-multilib --with-tune=generic --enable-offload-targets=nvptx-none=/build/gcc-9-HskZEa/gcc-9-9.3.0/debian/tmp-nvptx/usr,hsa --without-cuda-driver --enable-checking=release --build=x86_64-linux-gnu --host=x86_64-linux-gnu --target=x86_64-linux-gnu
Thread model: posix
gcc version 9.3.0 (Ubuntu 9.3.0-17ubuntu1~20.04) 
configure:3540: $? = 0
configure:3529: gcc -V >&5
gcc: error: unrecognized command line option '-V'
gcc: fatal error: no input files
compilation terminated.
configure:3540: $? = 1
configure:3529: gcc -qversion >&5
gcc: error: unrecognized command line option '-qversion'; did you mean '--version'?
gcc: fatal error: no input files
compilation terminated.
configure:3540: $? = 1
configure:3560: checking whether the C compiler works
configure:3582: gcc    conftest.c  >&5
configure:3586: $? = 0
configure:3634: result: yes
configure:3637: checking for C compiler default output file name
configure:3639: result: a.out
configure:3645: checking for suffix of executables
configure:3652: gcc -o conftest    conftest.c  >&5
configure:3656: $? = 0
configure:3678: result: 
configure:3700: checking whether we are cross compiling
configure:3708: gcc -o conftest    conftest.c  >&5
configure:3712: $? = 0
configure:3719: ./conftest
configure:3723: $? = 0
configure:3711: result: no
configure:3716: checking for suffix of object files
configure:3738: gcc -c   conftest.c >&5
configure:3742: $? = 0
configure:3763: result: o
configure:3767: checking whether we are using the GNU C compiler
configure:3786: gcc -c   conftest.c >&5
configure:3786: $? = 0
configure:3795: result: yes
configure:3804: checking whether gcc accepts -g
configure:3824: gcc -c -g  conftest.c >&5
configure:3824: $? = 0
configure:3865: result: yes
configure:3882: checking for gcc option to accept ISO C89
configure:3946: gcc  -c -g -O2  conftest.c >&5
configure:3946: $? = 0
configure:3959: result: none needed
configure:3990: checking for style of include used by make
configure:4018: result: GNU
configure:4043: checking dependency style of gcc
configure:4153: result: gcc3
configure:4501: checking for a sed that does not truncate output
configure:4565: result: /usr/bin/sed
configure:4583: checking for grep that handles long lines and -e
configure:4641: result: /usr/bin/grep
configure:4646: checking for egrep
configure:4708: result: /usr/bin/grep -E
configure:4713: checking for fgrep
configure:4775: result: /usr/bin/grep -F
configure:4810: checking for ld used by gcc
configure:4877: result: /usr/bin/ld
configure:4884: checking if the linker (/usr/bin/ld) is GNU ld
configure:4899: result: yes
configure:4911: checking for BSD- or MS-compatible name lister (nm)
configure:4960: result: /usr/bin/nm -B
configure:5078: checking the name lister (/usr/bin/nm -B) interface
configure:5116: gcc -c -g -O2  conftest.c >&5
configure:5119: /usr/bin/nm -B "conftest.o"
configure:5122: output
0000000000000000 B some_variable
configure:5092: result: BSD nm
configure:5095: checking whether ln -s works
configure:5099: result: yes
configure:5107: checking the maximum length of command line arguments
configure:5227: result: 1572864
configure:5244: checking whether the shell understands some XSI constructs
configure:5253: result: yes
configure:5257: checking whether the shell understands "+="
configure:5261: result: yes
configure:5296: checking for /usr/bin/ld option to reload object files
configure:5303: result: -r
configure:5372: checking for objdump
configure:5399: result: objdump
configure:5428: checking how to recognize dependent libraries
configure:5624: result: pass_all
configure:5684: checking for ar
configure:5700: found /usr/bin/ar
configure:5711: result: ar
configure:5789: checking for strip
configure:5805: found /usr/bin/strip
configure:5816: result: strip
configure:5888: checking for ranlib
configure:5904: found /usr/bin/ranlib
configure:5915: result: ranlib
configure:6005: checking command to parse /usr/bin/nm -B output from gcc object
configure:6123: gcc -c -g -O2  conftest.c >&5
configure:6126: $? = 0
configure:6130: /usr/bin/nm -B conftest.o \| sed -n -e 's/^.*[	 ]\([ABCDGIRSTW][ABCDGIRSTW]*\)[	 ][	 ]*\([_A-Za-z][_A-Za-z0-9]*\)$/\1 \2 \2/p' \> conftest.nm
configure:6133: $? = 0
configure:6187: gcc -o conftest -g -O2   conftest.c conftstm.o >&5
configure:6190: $? = 0
configure:6228: result: ok
configure:6324: gcc -c -g -O2  conftest.c >&5
configure:6327: $? = 0
configure:7037: checking how to run the C preprocessor
configure:7068: gcc -E  conftest.c
configure:7068: $? = 0
configure:7082: gcc -E  conftest.c
conftest.c:9:10: fatal error: ac_nonexistent.h: No such file or directory
    9 | #include <ac_nonexistent.h>
      |          ^~~~~~~~~~~~~~~~~~
compilation terminated.
configure:7082: $? = 1
configure: failed program was:
| /* confdefs.h */
| #define PACKAGE_NAME ""
| #define PACKAGE_TARNAME ""
| #define PACKAGE_VERSION ""
| #define PACKAGE_STRING ""
| #define PACKAGE_BUGREPORT ""
| #define PACKAGE_URL ""
| /* end confdefs.h.  */
| #include <ac_nonexistent.h>
configure:7107: result: gcc -E
configure:7127: gcc -E  conftest.c
configure:7127: $? = 0
configure:7141: gcc -E  conftest.c
conftest.c:9:10: fatal error: ac_nonexistent.h: No such file or directory
    9 | #include <ac_nonexistent.h>
      |          ^~~~~~~~~~~~~~~~~~
compilation terminated.
configure:7141: $? = 1
configure: failed program was:
| /* confdefs.h */
| #define PACKAGE_NAME ""
| #define PACKAGE_TARNAME ""
| #define PACKAGE_VERSION ""
| #define PACKAGE_STRING ""
| #define PACKAGE_BUGREPORT ""
| #define PACKAGE_URL ""
| /* end confdefs.h.  */
| #include <ac_nonexistent.h>
configure:7170: checking for ANSI C header files
configure:7190: gcc -c -g -O2  conftest.c >&5
configure:7190: $? = 0
configure:7263: gcc -o conftest -g -O2   conftest.c  >&5
configure:7263: $? = 0
configure:7263: ./conftest
configure:7263: $? = 0
configure:7274: result: yes
configure:7287: checking for sys/types.h
configure:7287: gcc -c -g -O2  conftest.c >&5
configure:7287: $? = 0
configure:7287: result: yes
configure:7287: checking for sys/stat.h
configure:7287: gcc -c -g -O2  conftest.c >&5
configure:7287: $? = 0
configure:7287: result: yes
configure:7287: checking for stdlib.h
configure:7287: gcc -c -g -O2  conftest.c >&5
configure:7287: $? = 0
configure:7287: result: yes
configure:7287: checking for string.h
configure:7287: gcc -c -g -O2  conftest.c >&5
configure:7287: $? = 0
configure:7287: result: yes
configure:7287: checking for memory.h
configure:7287: gcc -c -g -O2  conftest.c >&5
configure:7287: $? = 0
configure:7287: result: yes
configure:7287: checking for strings.h
configure:7287: gcc -c -g -O2  conftest.c >&5
configure:7287: $? = 0
configure:7287: result: yes
configure:7287: checking for inttypes.h
configure:7287: gcc -c -g -O2  conftest.c >&5
configure:7287: $? = 0
configure:7287: result: yes
configure:7287: checking for stdint.h
configure:7287: gcc -c -g -O2  conftest.c >&5
configure:7287: $? = 0
configure:7287: result: yes
configure:7287: checking for unistd.h
configure:7287: gcc -c -g -O2  conftest.c >&5
configure:7287: $? = 0
configure:7287: result: yes
configure:7301: checking for dlfcn.h
configure:7301: gcc -c -g -O2  conftest.c >&5
configure:7301: $? = 0
configure:7301: result: yes
configure:7481: checking for objdir
configure:7496: result: .libs
configure:7792: checking if gcc supports -fno-rtti -fno-exceptions
configure:7850: gcc -c -g -O2  -fno-rtti -fno-exceptions conftest.c >&5
cc1: warning: command line option '-fno-rtti' is valid for C++/D/ObjC++ but not for C
configure:7854: $? = 0
configure:7827: result: no
configure:7847: checking for gcc option to produce PIC
configure:8119: result: -fPIC -DPIC
configure:8131: checking if gcc PIC flag -fPIC -DPIC works
configure:8189: gcc -c -g -O2  -fPIC -DPIC -DPIC conftest.c >&5
configure:8193: $? = 0
configure:8166: result: yes
configure:8190: checking if gcc static flag -static works
configure:8218: result: yes
configure:8233: checking if gcc supports -c -o file.o
configure:8294: gcc -c -g -O2  -o out/conftest2.o conftest.c >&5
configure:8298: $? = 0
configure:8280: result: yes
configure:8288: checking if gcc supports -c -o file.o
configure:8335: result: yes
configure:8368: checking whether the gcc linker (/usr/bin/ld -m elf_x86_64) supports shared libraries
configure:9359: result: yes
configure:9396: checking whether -lc should be explicitly linked in
configure:9401: gcc -c -g -O2  conftest.c >&5
configure:9404: $? = 0
configure:9419: gcc -shared conftest.o  -v -Wl,-soname -Wl,conftest -o conftest 2\>\&1 \| /usr/bin/grep  -lc  \>/dev/null 2\>\&1
configure:9422: $? = 0
configure:9434: result: no
configure:9598: checking dynamic linker characteristics
configure:10031: gcc -o conftest -g -O2   -Wl,-rpath -Wl,/foo conftest.c  >&5
configure:10031: $? = 0
configure:10261: result: GNU/Linux ld.so
configure:10363: checking how to hardcode library paths into programs
configure:10388: result: immediate
configure:10482: checking for shl_load
configure:10482: gcc -o conftest -g -O2   conftest.c  >&5
/usr/bin/ld: /tmp/ccDb7x84.o: in function `main':
/home/egesa/Documents/Map/mapproject/geos-3.4.2/conftest.c:55: undefined reference to `shl_load'
collect2: error: ld returned 1 exit status
configure:10482: $? = 1
configure: failed program was:
| /* confdefs.h */
| #define PACKAGE_NAME ""
| #define PACKAGE_TARNAME ""
| #define PACKAGE_VERSION ""
| #define PACKAGE_STRING ""
| #define PACKAGE_BUGREPORT ""
| #define PACKAGE_URL ""
| #define STDC_HEADERS 1
| #define HAVE_SYS_TYPES_H 1
| #define HAVE_SYS_STAT_H 1
| #define HAVE_STDLIB_H 1
| #define HAVE_STRING_H 1
| #define HAVE_MEMORY_H 1
| #define HAVE_STRINGS_H 1
| #define HAVE_INTTYPES_H 1
| #define HAVE_STDINT_H 1
| #define HAVE_UNISTD_H 1
| #define HAVE_DLFCN_H 1
| #define LT_OBJDIR ".libs/"
| /* end confdefs.h.  */
| /* Define shl_load to an innocuous variant, in case <limits.h> declares shl_load.
|    For example, HP-UX 11i <limits.h> declares gettimeofday.  */
| #define shl_load innocuous_shl_load
| 
| /* System header to define __stub macros and hopefully few prototypes,
|     which can conflict with char shl_load (); below.
|     Prefer <limits.h> to <assert.h> if __STDC__ is defined, since
|     <limits.h> exists even on freestanding compilers.  */
| 
| #ifdef __STDC__
| # include <limits.h>
| #else
| # include <assert.h>
| #endif
| 
| #undef shl_load
| 
| /* Override any GCC internal prototype to avoid an error.
|    Use char because int might match the return type of a GCC
|    builtin and then its argument prototype would still apply.  */
| #ifdef __cplusplus
| extern "C"
| #endif
| char shl_load ();
| /* The GNU C library defines this for functions which it implements
|     to always fail with ENOSYS.  Some functions are actually named
|     something starting with __ and the normal name is an alias.  */
| #if defined __stub_shl_load || defined __stub___shl_load
| choke me
| #endif
| 
| int
| main ()
| {
| return shl_load ();
|   ;
|   return 0;
| }
configure:10482: result: no
configure:10486: checking for shl_load in -ldld
configure:10511: gcc -o conftest -g -O2   conftest.c -ldld   >&5
/usr/bin/ld: cannot find -ldld
collect2: error: ld returned 1 exit status
configure:10511: $? = 1
configure: failed program was:
| /* confdefs.h */
| #define PACKAGE_NAME ""
| #define PACKAGE_TARNAME ""
| #define PACKAGE_VERSION ""
| #define PACKAGE_STRING ""
| #define PACKAGE_BUGREPORT ""
| #define PACKAGE_URL ""
| #define STDC_HEADERS 1
| #define HAVE_SYS_TYPES_H 1
| #define HAVE_SYS_STAT_H 1
| #define HAVE_STDLIB_H 1
| #define HAVE_STRING_H 1
| #define HAVE_MEMORY_H 1
| #define HAVE_STRINGS_H 1
| #define HAVE_INTTYPES_H 1
| #define HAVE_STDINT_H 1
| #define HAVE_UNISTD_H 1
| #define HAVE_DLFCN_H 1
| #define LT_OBJDIR ".libs/"
| /* end confdefs.h.  */
| 
| /* Override any GCC internal prototype to avoid an error.
|    Use char because int might match the return type of a GCC
|    builtin and then its argument prototype would still apply.  */
| #ifdef __cplusplus
| extern "C"
| #endif
| char shl_load ();
| int
| main ()
| {
| return shl_load ();
|   ;
|   return 0;
| }
configure:10520: result: no
configure:10525: checking for dlopen
configure:10525: gcc -o conftest -g -O2   conftest.c  >&5
/usr/bin/ld: /tmp/ccsGmwTc.o: in function `main':
/home/egesa/Documents/Map/mapproject/geos-3.4.2/conftest.c:55: undefined reference to `dlopen'
collect2: error: ld returned 1 exit status
configure:10525: $? = 1
configure: failed program was:
| /* confdefs.h */
| #define PACKAGE_NAME ""
| #define PACKAGE_TARNAME ""
| #define PACKAGE_VERSION ""
| #define PACKAGE_STRING ""
| #define PACKAGE_BUGREPORT ""
| #define PACKAGE_URL ""
| #define STDC_HEADERS 1
| #define HAVE_SYS_TYPES_H 1
| #define HAVE_SYS_STAT_H 1
| #define HAVE_STDLIB_H 1
| #define HAVE_STRING_H 1
| #define HAVE_MEMORY_H 1
| #define HAVE_STRINGS_H 1
| #define HAVE_INTTYPES_H 1
| #define HAVE_STDINT_H 1
| #define HAVE_UNISTD_H 1
| #define HAVE_DLFCN_H 1
| #define LT_OBJDIR ".libs/"
| /* end confdefs.h.  */
| /* Define dlopen to an innocuous variant, in case <limits.h> declares dlopen.
|    For example, HP-UX 11i <limits.h> declares gettimeofday.  */
| #define dlopen innocuous_dlopen
| 
| /* System header to define __stub macros and hopefully few prototypes,
|     which can conflict with char dlopen (); below.
|     Prefer <limits.h> to <assert.h> if __STDC__ is defined, since
|     <limits.h> exists even on freestanding compilers.  */
| 
| #ifdef __STDC__
| # include <limits.h>
| #else
| # include <assert.h>
| #endif
| 
| #undef dlopen
| 
| /* Override any GCC internal prototype to avoid an error.
|    Use char because int might match the return type of a GCC
|    builtin and then its argument prototype would still apply.  */
| #ifdef __cplusplus
| extern "C"
| #endif
| char dlopen ();
| /* The GNU C library defines this for functions which it implements
|     to always fail with ENOSYS.  Some functions are actually named
|     something starting with __ and the normal name is an alias.  */
| #if defined __stub_dlopen || defined __stub___dlopen
| choke me
| #endif
| 
| int
| main ()
| {
| return dlopen ();
|   ;
|   return 0;
| }
configure:10525: result: no
configure:10529: checking for dlopen in -ldl
configure:10554: gcc -o conftest -g -O2   conftest.c -ldl   >&5
configure:10554: $? = 0
configure:10563: result: yes
configure:10682: checking whether a program can dlopen itself
configure:10752: gcc -o conftest -g -O2  -DHAVE_DLFCN_H  -Wl,--export-dynamic conftest.c -ldl  >&5
configure:10755: $? = 0
configure:10773: result: yes
configure:10778: checking whether a statically linked program can dlopen itself
configure:10848: gcc -o conftest -g -O2  -DHAVE_DLFCN_H  -Wl,--export-dynamic -static conftest.c -ldl  >&5
/usr/bin/ld: /tmp/ccI2NgGI.o: in function `main':
/home/egesa/Documents/Map/mapproject/geos-3.4.2/configure:10872: warning: Using 'dlopen' in statically linked applications requires at runtime the shared libraries from the glibc version used for linking
configure:10851: $? = 0
configure:10869: result: no
configure:10908: checking whether stripping libraries is possible
configure:10913: result: yes
configure:10948: checking if libtool supports shared libraries
configure:10950: result: yes
configure:10953: checking whether to build shared libraries
configure:10974: result: yes
configure:10977: checking whether to build static libraries
configure:10981: result: yes
configure:8343: checking for g++
configure:8359: found /usr/bin/g++
configure:8370: result: g++
configure:8397: checking for C++ compiler version
configure:8406: g++ --version >&5
g++ (Ubuntu 9.3.0-17ubuntu1~20.04) 9.3.0
Copyright (C) 2019 Free Software Foundation, Inc.
This is free software; see the source for copying conditions.  There is NO
warranty; not even for MERCHANTABILITY or FITNESS FOR A PARTICULAR PURPOSE.

configure:8417: $? = 0
configure:8406: g++ -v >&5
Using built-in specs.
COLLECT_GCC=g++
COLLECT_LTO_WRAPPER=/usr/lib/gcc/x86_64-linux-gnu/9/lto-wrapper
OFFLOAD_TARGET_NAMES=nvptx-none:hsa
OFFLOAD_TARGET_DEFAULT=1
Target: x86_64-linux-gnu
Configured with: ../src/configure -v --with-pkgversion='Ubuntu 9.3.0-17ubuntu1~20.04' --with-bugurl=file:///usr/share/doc/gcc-9/README.Bugs --enable-languages=c,ada,c++,go,brig,d,fortran,objc,obj-c++,gm2 --prefix=/usr --with-gcc-major-version-only --program-suffix=-9 --program-prefix=x86_64-linux-gnu- --enable-shared --enable-linker-build-id --libexecdir=/usr/lib --without-included-gettext --enable-threads=posix --libdir=/usr/lib --enable-nls --enable-clocale=gnu --enable-libstdcxx-debug --enable-libstdcxx-time=yes --with-default-libstdcxx-abi=new --enable-gnu-unique-object --disable-vtable-verify --enable-plugin --enable-default-pie --with-system-zlib --with-target-system-zlib=auto --enable-objc-gc=auto --enable-multiarch --disable-werror --with-arch-32=i686 --with-abi=m64 --with-multilib-list=m32,m64,mx32 --enable-multilib --with-tune=generic --enable-offload-targets=nvptx-none=/build/gcc-9-HskZEa/gcc-9-9.3.0/debian/tmp-nvptx/usr,hsa --without-cuda-driver --enable-checking=release --build=x86_64-linux-gnu --host=x86_64-linux-gnu --target=x86_64-linux-gnu
Thread model: posix
gcc version 9.3.0 (Ubuntu 9.3.0-17ubuntu1~20.04) 
configure:8417: $? = 0
configure:8406: g++ -V >&5
g++: error: unrecognized command line option '-V'
g++: fatal error: no input files
compilation terminated.
configure:8417: $? = 1
configure:8406: g++ -qversion >&5
g++: error: unrecognized command line option '-qversion'; did you mean '--version'?
g++: fatal error: no input files
compilation terminated.
configure:8417: $? = 1
configure:8421: checking whether we are using the GNU C++ compiler
configure:8440: g++ -c   conftest.cpp >&5
configure:8440: $? = 0
configure:8449: result: yes
configure:8458: checking whether g++ accepts -g
configure:8478: g++ -c -g  conftest.cpp >&5
configure:8478: $? = 0
configure:8519: result: yes
configure:8544: checking dependency style of g++
configure:8654: result: gcc3
configure:8782: checking for C++ compiler version
configure:8791: g++ --version >&5
g++ (Ubuntu 9.3.0-17ubuntu1~20.04) 9.3.0
Copyright (C) 2019 Free Software Foundation, Inc.
This is free software; see the source for copying conditions.  There is NO
warranty; not even for MERCHANTABILITY or FITNESS FOR A PARTICULAR PURPOSE.

configure:8802: $? = 0
configure:8791: g++ -v >&5
Using built-in specs.
COLLECT_GCC=g++
COLLECT_LTO_WRAPPER=/usr/lib/gcc/x86_64-linux-gnu/9/lto-wrapper
OFFLOAD_TARGET_NAMES=nvptx-none:hsa
OFFLOAD_TARGET_DEFAULT=1
Target: x86_64-linux-gnu
Configured with: ../src/configure -v --with-pkgversion='Ubuntu 9.3.0-17ubuntu1~20.04' --with-bugurl=file:///usr/share/doc/gcc-9/README.Bugs --enable-languages=c,ada,c++,go,brig,d,fortran,objc,obj-c++,gm2 --prefix=/usr --with-gcc-major-version-only --program-suffix=-9 --program-prefix=x86_64-linux-gnu- --enable-shared --enable-linker-build-id --libexecdir=/usr/lib --without-included-gettext --enable-threads=posix --libdir=/usr/lib --enable-nls --enable-clocale=gnu --enable-libstdcxx-debug --enable-libstdcxx-time=yes --with-default-libstdcxx-abi=new --enable-gnu-unique-object --disable-vtable-verify --enable-plugin --enable-default-pie --with-system-zlib --with-target-system-zlib=auto --enable-objc-gc=auto --enable-multiarch --disable-werror --with-arch-32=i686 --with-abi=m64 --with-multilib-list=m32,m64,mx32 --enable-multilib --with-tune=generic --enable-offload-targets=nvptx-none=/build/gcc-9-HskZEa/gcc-9-9.3.0/debian/tmp-nvptx/usr,hsa --without-cuda-driver --enable-checking=release --build=x86_64-linux-gnu --host=x86_64-linux-gnu --target=x86_64-linux-gnu
Thread model: posix
gcc version 9.3.0 (Ubuntu 9.3.0-17ubuntu1~20.04) 
configure:8802: $? = 0
configure:8791: g++ -V >&5
g++: error: unrecognized command line option '-V'
g++: fatal error: no input files
compilation terminated.
configure:8802: $? = 1
configure:8791: g++ -qversion >&5
g++: error: unrecognized command line option '-qversion'; did you mean '--version'?
g++: fatal error: no input files
compilation terminated.
configure:8802: $? = 1
configure:8806: checking whether we are using the GNU C++ compiler
configure:8834: result: yes
configure:8843: checking whether g++ accepts -g
configure:8904: result: yes
configure:8929: checking dependency style of g++
configure:9039: result: gcc3
configure:9062: checking how to run the C++ preprocessor
configure:9089: g++ -E  conftest.cpp
configure:9089: $? = 0
configure:9103: g++ -E  conftest.cpp
conftest.cpp:21:10: fatal error: ac_nonexistent.h: No such file or directory
   21 | #include <ac_nonexistent.h>
      |          ^~~~~~~~~~~~~~~~~~
compilation terminated.
configure:9103: $? = 1
configure: failed program was:
| /* confdefs.h */
| #define PACKAGE_NAME ""
| #define PACKAGE_TARNAME ""
| #define PACKAGE_VERSION ""
| #define PACKAGE_STRING ""
| #define PACKAGE_BUGREPORT ""
| #define PACKAGE_URL ""
| #define STDC_HEADERS 1
| #define HAVE_SYS_TYPES_H 1
| #define HAVE_SYS_STAT_H 1
| #define HAVE_STDLIB_H 1
| #define HAVE_STRING_H 1
| #define HAVE_MEMORY_H 1
| #define HAVE_STRINGS_H 1
| #define HAVE_INTTYPES_H 1
| #define HAVE_STDINT_H 1
| #define HAVE_UNISTD_H 1
| #define HAVE_DLFCN_H 1
| #define LT_OBJDIR ".libs/"
| /* end confdefs.h.  */
| #include <ac_nonexistent.h>
configure:9128: result: g++ -E
configure:9148: g++ -E  conftest.cpp
configure:9148: $? = 0
configure:9162: g++ -E  conftest.cpp
conftest.cpp:21:10: fatal error: ac_nonexistent.h: No such file or directory
   21 | #include <ac_nonexistent.h>
      |          ^~~~~~~~~~~~~~~~~~
compilation terminated.
configure:9162: $? = 1
configure: failed program was:
| /* confdefs.h */
| #define PACKAGE_NAME ""
| #define PACKAGE_TARNAME ""
| #define PACKAGE_VERSION ""
| #define PACKAGE_STRING ""
| #define PACKAGE_BUGREPORT ""
| #define PACKAGE_URL ""
| #define STDC_HEADERS 1
| #define HAVE_SYS_TYPES_H 1
| #define HAVE_SYS_STAT_H 1
| #define HAVE_STDLIB_H 1
| #define HAVE_STRING_H 1
| #define HAVE_MEMORY_H 1
| #define HAVE_STRINGS_H 1
| #define HAVE_INTTYPES_H 1
| #define HAVE_STDINT_H 1
| #define HAVE_UNISTD_H 1
| #define HAVE_DLFCN_H 1
| #define LT_OBJDIR ".libs/"
| /* end confdefs.h.  */
| #include <ac_nonexistent.h>
configure:9330: checking for ld used by g++
configure:9397: result: /usr/bin/ld -m elf_x86_64
configure:9404: checking if the linker (/usr/bin/ld -m elf_x86_64) is GNU ld
configure:9419: result: yes
configure:9474: checking whether the g++ linker (/usr/bin/ld -m elf_x86_64) supports shared libraries
configure:10387: result: yes
configure:10415: g++ -c -g -O2  conftest.cpp >&5
configure:10418: $? = 0
configure:10600: checking for g++ option to produce PIC
configure:10917: result: -fPIC -DPIC
configure:10926: checking if g++ PIC flag -fPIC -DPIC works
configure:13716: g++ -c -g -O2  -fPIC -DPIC -DPIC conftest.cpp >&5
configure:13720: $? = 0
configure:10961: result: yes
configure:10982: checking if g++ static flag -static works
configure:11010: result: yes
configure:11022: checking if g++ supports -c -o file.o
configure:13815: g++ -c -g -O2  -o out/conftest2.o conftest.cpp >&5
configure:13819: $? = 0
configure:11069: result: yes
configure:11074: checking if g++ supports -c -o file.o
configure:11121: result: yes
configure:11151: checking whether the g++ linker (/usr/bin/ld -m elf_x86_64) supports shared libraries
configure:11180: result: yes
configure:11317: checking dynamic linker characteristics
configure:11698: g++ -o conftest -g -O2   -Wl,-rpath -Wl,/foo conftest.cpp  >&5
configure:11698: $? = 0
configure:11928: result: GNU/Linux ld.so
configure:11979: checking how to hardcode library paths into programs
configure:12004: result: immediate
configure:11053: checking for library containing strerror
configure:11084: gcc -o conftest -g -O2   conftest.c  >&5
configure:11084: $? = 0
configure:11101: result: none required
configure:11110: checking whether make sets $(MAKE)
configure:11132: result: yes
configure:11145: checking for dirent.h that defines DIR
configure:11164: gcc -c -g -O2  conftest.c >&5
configure:11164: $? = 0
configure:11172: result: yes
configure:11185: checking for library containing opendir
configure:11216: gcc -o conftest -g -O2   conftest.c  >&5
configure:11216: $? = 0
configure:11233: result: none required
configure:11300: checking whether closedir returns void
configure:11324: gcc -o conftest -g -O2   conftest.c  >&5
configure:11324: $? = 0
configure:11324: ./conftest
configure:11324: $? = 0
configure:11334: result: no
configure:11342: checking for working memcmp
configure:11385: gcc -o conftest -g -O2   conftest.c  >&5
configure:11385: $? = 0
configure:11385: ./conftest
configure:11385: $? = 0
configure:11395: result: yes
configure:11406: checking for strftime
configure:11406: gcc -o conftest -g -O2   conftest.c  >&5
conftest.c:45:6: warning: conflicting types for built-in function 'strftime'; expected 'long unsigned int(char *, long unsigned int,  const char *, const void *)' [-Wbuiltin-declaration-mismatch]
   45 | char strftime ();
      |      ^~~~~~~~
conftest.c:33:1: note: 'strftime' is declared in header '<time.h>'
   32 | # include <limits.h>
   33 | #else
configure:11406: $? = 0
configure:11406: result: yes
configure:11461: checking for vprintf
configure:11461: gcc -o conftest -g -O2   conftest.c  >&5
conftest.c:46:6: warning: conflicting types for built-in function 'vprintf'; expected 'int(const char *, __va_list_tag *)' [-Wbuiltin-declaration-mismatch]
   46 | char vprintf ();
      |      ^~~~~~~
conftest.c:34:1: note: 'vprintf' is declared in header '<stdio.h>'
   33 | # include <limits.h>
   34 | #else
configure:11461: $? = 0
configure:11461: result: yes
configure:11467: checking for _doprnt
configure:11467: gcc -o conftest -g -O2   conftest.c  >&5
/usr/bin/ld: /tmp/ccp0Xzk0.o: in function `main':
/home/egesa/Documents/Map/mapproject/geos-3.4.2/conftest.c:58: undefined reference to `_doprnt'
collect2: error: ld returned 1 exit status
configure:11467: $? = 1
configure: failed program was:
| /* confdefs.h */
| #define PACKAGE_NAME ""
| #define PACKAGE_TARNAME ""
| #define PACKAGE_VERSION ""
| #define PACKAGE_STRING ""
| #define PACKAGE_BUGREPORT ""
| #define PACKAGE_URL ""
| #define STDC_HEADERS 1
| #define HAVE_SYS_TYPES_H 1
| #define HAVE_SYS_STAT_H 1
| #define HAVE_STDLIB_H 1
| #define HAVE_STRING_H 1
| #define HAVE_MEMORY_H 1
| #define HAVE_STRINGS_H 1
| #define HAVE_INTTYPES_H 1
| #define HAVE_STDINT_H 1
| #define HAVE_UNISTD_H 1
| #define HAVE_DLFCN_H 1
| #define LT_OBJDIR ".libs/"
| #define HAVE_DIRENT_H 1
| #define HAVE_STRFTIME 1
| #define HAVE_VPRINTF 1
| /* end confdefs.h.  */
| /* Define _doprnt to an innocuous variant, in case <limits.h> declares _doprnt.
|    For example, HP-UX 11i <limits.h> declares gettimeofday.  */
| #define _doprnt innocuous__doprnt
| 
| /* System header to define __stub macros and hopefully few prototypes,
|     which can conflict with char _doprnt (); below.
|     Prefer <limits.h> to <assert.h> if __STDC__ is defined, since
|     <limits.h> exists even on freestanding compilers.  */
| 
| #ifdef __STDC__
| # include <limits.h>
| #else
| # include <assert.h>
| #endif
| 
| #undef _doprnt
| 
| /* Override any GCC internal prototype to avoid an error.
|    Use char because int might match the return type of a GCC
|    builtin and then its argument prototype would still apply.  */
| #ifdef __cplusplus
| extern "C"
| #endif
| char _doprnt ();
| /* The GNU C library defines this for functions which it implements
|     to always fail with ENOSYS.  Some functions are actually named
|     something starting with __ and the normal name is an alias.  */
| #if defined __stub__doprnt || defined __stub____doprnt
| choke me
| #endif
| 
| int
| main ()
| {
| return _doprnt ();
|   ;
|   return 0;
| }
configure:11467: result: no
configure:11480: checking for working alloca.h
configure:11497: gcc -o conftest -g -O2   conftest.c  >&5
configure:11497: $? = 0
configure:11505: result: yes
configure:11513: checking for alloca
configure:11550: gcc -o conftest -g -O2   conftest.c  >&5
configure:11550: $? = 0
configure:11558: result: yes
configure:11670: checking for dirent.h that defines DIR
configure:11697: result: yes
configure:11710: checking for library containing opendir
configure:11758: result: none required
configure:11825: checking for ANSI C header files
configure:11929: result: yes
configure:11939: checking for memory.h
configure:11939: result: yes
configure:11951: checking for unistd.h
configure:11951: result: yes
configure:11963: checking ieeefp.h usability
configure:11963: gcc -c -g -O2  conftest.c >&5
conftest.c:63:10: fatal error: ieeefp.h: No such file or directory
   63 | #include <ieeefp.h>
      |          ^~~~~~~~~~
compilation terminated.
configure:11963: $? = 1
configure: failed program was:
| /* confdefs.h */
| #define PACKAGE_NAME ""
| #define PACKAGE_TARNAME ""
| #define PACKAGE_VERSION ""
| #define PACKAGE_STRING ""
| #define PACKAGE_BUGREPORT ""
| #define PACKAGE_URL ""
| #define STDC_HEADERS 1
| #define HAVE_SYS_TYPES_H 1
| #define HAVE_SYS_STAT_H 1
| #define HAVE_STDLIB_H 1
| #define HAVE_STRING_H 1
| #define HAVE_MEMORY_H 1
| #define HAVE_STRINGS_H 1
| #define HAVE_INTTYPES_H 1
| #define HAVE_STDINT_H 1
| #define HAVE_UNISTD_H 1
| #define HAVE_DLFCN_H 1
| #define LT_OBJDIR ".libs/"
| #define HAVE_DIRENT_H 1
| #define HAVE_STRFTIME 1
| #define HAVE_VPRINTF 1
| #define HAVE_ALLOCA_H 1
| #define HAVE_ALLOCA 1
| #define HAVE_DIRENT_H 1
| #define STDC_HEADERS 1
| #define HAVE_MEMORY_H 1
| #define HAVE_UNISTD_H 1
| /* end confdefs.h.  */
| #include <stdio.h>
| #ifdef HAVE_SYS_TYPES_H
| # include <sys/types.h>
| #endif
| #ifdef HAVE_SYS_STAT_H
| # include <sys/stat.h>
| #endif
| #ifdef STDC_HEADERS
| # include <stdlib.h>
| # include <stddef.h>
| #else
| # ifdef HAVE_STDLIB_H
| #  include <stdlib.h>
| # endif
| #endif
| #ifdef HAVE_STRING_H
| # if !defined STDC_HEADERS && defined HAVE_MEMORY_H
| #  include <memory.h>
| # endif
| # include <string.h>
| #endif
| #ifdef HAVE_STRINGS_H
| # include <strings.h>
| #endif
| #ifdef HAVE_INTTYPES_H
| # include <inttypes.h>
| #endif
| #ifdef HAVE_STDINT_H
| # include <stdint.h>
| #endif
| #ifdef HAVE_UNISTD_H
| # include <unistd.h>
| #endif
| #include <ieeefp.h>
configure:11963: result: no
configure:11963: checking ieeefp.h presence
configure:11963: gcc -E  conftest.c
conftest.c:30:10: fatal error: ieeefp.h: No such file or directory
   30 | #include <ieeefp.h>
      |          ^~~~~~~~~~
compilation terminated.
configure:11963: $? = 1
configure: failed program was:
| /* confdefs.h */
| #define PACKAGE_NAME ""
| #define PACKAGE_TARNAME ""
| #define PACKAGE_VERSION ""
| #define PACKAGE_STRING ""
| #define PACKAGE_BUGREPORT ""
| #define PACKAGE_URL ""
| #define STDC_HEADERS 1
| #define HAVE_SYS_TYPES_H 1
| #define HAVE_SYS_STAT_H 1
| #define HAVE_STDLIB_H 1
| #define HAVE_STRING_H 1
| #define HAVE_MEMORY_H 1
| #define HAVE_STRINGS_H 1
| #define HAVE_INTTYPES_H 1
| #define HAVE_STDINT_H 1
| #define HAVE_UNISTD_H 1
| #define HAVE_DLFCN_H 1
| #define LT_OBJDIR ".libs/"
| #define HAVE_DIRENT_H 1
| #define HAVE_STRFTIME 1
| #define HAVE_VPRINTF 1
| #define HAVE_ALLOCA_H 1
| #define HAVE_ALLOCA 1
| #define HAVE_DIRENT_H 1
| #define STDC_HEADERS 1
| #define HAVE_MEMORY_H 1
| #define HAVE_UNISTD_H 1
| /* end confdefs.h.  */
| #include <ieeefp.h>
configure:11963: result: no
configure:11963: checking for ieeefp.h
configure:11963: result: no
configure:11975: checking sys/file.h usability
configure:11975: gcc -c -g -O2  conftest.c >&5
configure:11975: $? = 0
configure:11975: result: yes
configure:11975: checking sys/file.h presence
configure:11975: gcc -E  conftest.c
configure:11975: $? = 0
configure:11975: result: yes
configure:11975: checking for sys/file.h
configure:11975: result: yes
configure:11987: checking sys/time.h usability
configure:11987: gcc -c -g -O2  conftest.c >&5
configure:11987: $? = 0
configure:11987: result: yes
configure:11987: checking sys/time.h presence
configure:11987: gcc -E  conftest.c
configure:11987: $? = 0
configure:11987: result: yes
configure:11987: checking for sys/time.h
configure:11987: result: yes
configure:12000: checking for strchr
configure:12000: gcc -o conftest -g -O2   conftest.c  >&5
conftest.c:55:6: warning: conflicting types for built-in function 'strchr'; expected 'char *(const char *, int)' [-Wbuiltin-declaration-mismatch]
   55 | char strchr ();
      |      ^~~~~~
conftest.c:43:1: note: 'strchr' is declared in header '<string.h>'
   42 | # include <limits.h>
   43 | #else
configure:12000: $? = 0
configure:12000: result: yes
configure:12000: checking for memcpy
configure:12000: gcc -o conftest -g -O2   conftest.c  >&5
conftest.c:56:6: warning: conflicting types for built-in function 'memcpy'; expected 'void *(void *, const void *, long unsigned int)' [-Wbuiltin-declaration-mismatch]
   56 | char memcpy ();
      |      ^~~~~~
conftest.c:44:1: note: 'memcpy' is declared in header '<string.h>'
   43 | # include <limits.h>
   44 | #else
configure:12000: $? = 0
configure:12000: result: yes
configure:12000: checking for gettimeofday
configure:12000: gcc -o conftest -g -O2   conftest.c  >&5
configure:12000: $? = 0
configure:12000: result: yes
configure:12009: checking whether stat file-mode macros are broken
configure:12036: gcc -c -g -O2  conftest.c >&5
configure:12036: $? = 0
configure:12043: result: no
configure:12051: checking whether struct tm is in sys/time.h or time.h
configure:12071: gcc -c -g -O2  conftest.c >&5
configure:12071: $? = 0
configure:12078: result: time.h
configure:12086: checking for size_t
configure:12086: gcc -c -g -O2  conftest.c >&5
configure:12086: $? = 0
configure:12086: gcc -c -g -O2  conftest.c >&5
conftest.c: In function 'main':
conftest.c:71:21: error: expected expression before ')' token
   71 | if (sizeof ((size_t)))
      |                     ^
configure:12086: $? = 1
configure: failed program was:
| /* confdefs.h */
| #define PACKAGE_NAME ""
| #define PACKAGE_TARNAME ""
| #define PACKAGE_VERSION ""
| #define PACKAGE_STRING ""
| #define PACKAGE_BUGREPORT ""
| #define PACKAGE_URL ""
| #define STDC_HEADERS 1
| #define HAVE_SYS_TYPES_H 1
| #define HAVE_SYS_STAT_H 1
| #define HAVE_STDLIB_H 1
| #define HAVE_STRING_H 1
| #define HAVE_MEMORY_H 1
| #define HAVE_STRINGS_H 1
| #define HAVE_INTTYPES_H 1
| #define HAVE_STDINT_H 1
| #define HAVE_UNISTD_H 1
| #define HAVE_DLFCN_H 1
| #define LT_OBJDIR ".libs/"
| #define HAVE_DIRENT_H 1
| #define HAVE_STRFTIME 1
| #define HAVE_VPRINTF 1
| #define HAVE_ALLOCA_H 1
| #define HAVE_ALLOCA 1
| #define HAVE_DIRENT_H 1
| #define STDC_HEADERS 1
| #define HAVE_MEMORY_H 1
| #define HAVE_UNISTD_H 1
| #define HAVE_SYS_FILE_H 1
| #define HAVE_SYS_TIME_H 1
| #define HAVE_STRCHR 1
| #define HAVE_MEMCPY 1
| #define HAVE_GETTIMEOFDAY 1
| /* end confdefs.h.  */
| #include <stdio.h>
| #ifdef HAVE_SYS_TYPES_H
| # include <sys/types.h>
| #endif
| #ifdef HAVE_SYS_STAT_H
| # include <sys/stat.h>
| #endif
| #ifdef STDC_HEADERS
| # include <stdlib.h>
| # include <stddef.h>
| #else
| # ifdef HAVE_STDLIB_H
| #  include <stdlib.h>
| # endif
| #endif
| #ifdef HAVE_STRING_H
| # if !defined STDC_HEADERS && defined HAVE_MEMORY_H
| #  include <memory.h>
| # endif
| # include <string.h>
| #endif
| #ifdef HAVE_STRINGS_H
| # include <strings.h>
| #endif
| #ifdef HAVE_INTTYPES_H
| # include <inttypes.h>
| #endif
| #ifdef HAVE_STDINT_H
| # include <stdint.h>
| #endif
| #ifdef HAVE_UNISTD_H
| # include <unistd.h>
| #endif
| int
| main ()
| {
| if (sizeof ((size_t)))
| 	    return 0;
|   ;
|   return 0;
| }
configure:12086: result: yes
configure:12097: checking for an ANSI C-conforming const
configure:12162: gcc -c -g -O2  conftest.c >&5
configure:12162: $? = 0
configure:12169: result: yes
configure:12220: checking if requested to force inline functions
configure:12227: result: yes
configure:12234: checking if requested to enable assert macros
configure:12241: result: yes
configure:12245: checking if requested libstdc++ debug mode
configure:12252: result: no
configure:12263: checking if g++ supports -pedantic
configure:16043: gcc -c -g -O2  -pedantic conftest.c >&5
configure:16047: $? = 0
configure:12283: result: yes
configure:12292: checking if g++ supports -Wall
configure:16087: gcc -c -g -O2  -Wall conftest.c >&5
configure:16091: $? = 0
configure:12312: result: yes
configure:12321: checking if g++ supports -ansi
configure:16131: gcc -c -g -O2  -ansi conftest.c >&5
configure:16135: $? = 0
configure:12341: result: yes
configure:12350: checking if g++ supports -Wno-long-long
configure:16175: gcc -c -g -O2  -Wno-long-long conftest.c >&5
configure:16179: $? = 0
configure:12370: result: yes
configure:12382: checking if g++ supports -ffloat-store
configure:16222: gcc -c -g -O2  -ffloat-store conftest.c >&5
configure:16226: $? = 0
configure:12402: result: yes
configure:12422: checking for finite
configure:12438: gcc -o conftest -g -O2   conftest.c  -lm >&5
configure:12438: $? = 0
configure:12447: result: yes
configure:12455: checking for isfinite
configure:12471: gcc -o conftest -g -O2   conftest.c  -lm >&5
configure:12471: $? = 0
configure:12480: result: yes
configure:12495: checking for isnan
configure:12511: g++ -o conftest -g -O2   conftest.cpp  -lm >&5
conftest.cpp: In function 'int main()':
conftest.cpp:41:22: error: 'isnan' was not declared in this scope; did you mean 'std::isnan'?
   41 | double x; int y; y = isnan(x);
      |                      ^~~~~
      |                      std::isnan
In file included from conftest.cpp:37:
/usr/include/c++/9/cmath:632:5: note: 'std::isnan' declared here
  632 |     isnan(_Tp __x)
      |     ^~~~~
configure:12511: $? = 1
configure: failed program was:
| /* confdefs.h */
| #define PACKAGE_NAME ""
| #define PACKAGE_TARNAME ""
| #define PACKAGE_VERSION ""
| #define PACKAGE_STRING ""
| #define PACKAGE_BUGREPORT ""
| #define PACKAGE_URL ""
| #define STDC_HEADERS 1
| #define HAVE_SYS_TYPES_H 1
| #define HAVE_SYS_STAT_H 1
| #define HAVE_STDLIB_H 1
| #define HAVE_STRING_H 1
| #define HAVE_MEMORY_H 1
| #define HAVE_STRINGS_H 1
| #define HAVE_INTTYPES_H 1
| #define HAVE_STDINT_H 1
| #define HAVE_UNISTD_H 1
| #define HAVE_DLFCN_H 1
| #define LT_OBJDIR ".libs/"
| #define HAVE_DIRENT_H 1
| #define HAVE_STRFTIME 1
| #define HAVE_VPRINTF 1
| #define HAVE_ALLOCA_H 1
| #define HAVE_ALLOCA 1
| #define HAVE_DIRENT_H 1
| #define STDC_HEADERS 1
| #define HAVE_MEMORY_H 1
| #define HAVE_UNISTD_H 1
| #define HAVE_SYS_FILE_H 1
| #define HAVE_SYS_TIME_H 1
| #define HAVE_STRCHR 1
| #define HAVE_MEMCPY 1
| #define HAVE_GETTIMEOFDAY 1
| #define HAVE_FINITE 1
| #define HAVE_ISFINITE 1
| /* end confdefs.h.  */
| #include <cmath>
| int
| main ()
| {
| double x; int y; y = isnan(x);
|   ;
|   return 0;
| }
configure:12520: result: no
configure:12538: checking whether int64_t is 64 bits
configure:12597: gcc -o conftest -g -O2   conftest.c  >&5
conftest.c:37:9: error: unknown type name 'int64_t'
   37 | typedef int64_t ac_int64;
      |         ^~~~~~~
conftest.c:60:1: warning: return type defaults to 'int' [-Wimplicit-int]
   60 | main() {
      | ^~~~
conftest.c: In function 'main':
conftest.c:62:5: warning: implicit declaration of function 'exit' [-Wimplicit-function-declaration]
   62 |     exit(0);
      |     ^~~~
conftest.c:62:5: warning: incompatible implicit declaration of built-in function 'exit'
conftest.c:1:1: note: include '<stdlib.h>' or provide a declaration of 'exit'
  +++ |+#include <stdlib.h>
    1 | /* confdefs.h */
conftest.c:63:3: warning: incompatible implicit declaration of built-in function 'exit'
   63 |   exit(-1);
      |   ^~~~
conftest.c:63:3: note: include '<stdlib.h>' or provide a declaration of 'exit'
configure:12597: $? = 1
configure: program exited with status 1
configure: failed program was:
| /* confdefs.h */
| #define PACKAGE_NAME ""
| #define PACKAGE_TARNAME ""
| #define PACKAGE_VERSION ""
| #define PACKAGE_STRING ""
| #define PACKAGE_BUGREPORT ""
| #define PACKAGE_URL ""
| #define STDC_HEADERS 1
| #define HAVE_SYS_TYPES_H 1
| #define HAVE_SYS_STAT_H 1
| #define HAVE_STDLIB_H 1
| #define HAVE_STRING_H 1
| #define HAVE_MEMORY_H 1
| #define HAVE_STRINGS_H 1
| #define HAVE_INTTYPES_H 1
| #define HAVE_STDINT_H 1
| #define HAVE_UNISTD_H 1
| #define HAVE_DLFCN_H 1
| #define LT_OBJDIR ".libs/"
| #define HAVE_DIRENT_H 1
| #define HAVE_STRFTIME 1
| #define HAVE_VPRINTF 1
| #define HAVE_ALLOCA_H 1
| #define HAVE_ALLOCA 1
| #define HAVE_DIRENT_H 1
| #define STDC_HEADERS 1
| #define HAVE_MEMORY_H 1
| #define HAVE_UNISTD_H 1
| #define HAVE_SYS_FILE_H 1
| #define HAVE_SYS_TIME_H 1
| #define HAVE_STRCHR 1
| #define HAVE_MEMCPY 1
| #define HAVE_GETTIMEOFDAY 1
| #define HAVE_FINITE 1
| #define HAVE_ISFINITE 1
| /* end confdefs.h.  */
| typedef int64_t ac_int64;
| 
| /*
|  * These are globals to discourage the compiler from folding all the
|  * arithmetic tests down to compile-time constants.
|  */
| ac_int64 a = 20000001;
| ac_int64 b = 40000005;
| 
| int does_int64_work()
| {
|   ac_int64 c,d;
| 
|   if (sizeof(ac_int64) != 8)
|     return 0;			/* definitely not the right size */
| 
|   /* Do perfunctory checks to see if 64-bit arithmetic seems to work */
|   c = a * b;
|   d = (c + b) / b;
|   if (d != a+1)
|     return 0;
|   return 1;
| }
| main() {
|   if (does_int64_work())
|     exit(0);
|   exit(-1);
| }
configure:12607: result: no
configure:12618: checking whether long int is 64 bits
configure:12677: gcc -o conftest -g -O2   conftest.c  >&5
conftest.c:60:1: warning: return type defaults to 'int' [-Wimplicit-int]
   60 | main() {
      | ^~~~
conftest.c: In function 'main':
conftest.c:62:5: warning: implicit declaration of function 'exit' [-Wimplicit-function-declaration]
   62 |     exit(0);
      |     ^~~~
conftest.c:62:5: warning: incompatible implicit declaration of built-in function 'exit'
conftest.c:1:1: note: include '<stdlib.h>' or provide a declaration of 'exit'
  +++ |+#include <stdlib.h>
    1 | /* confdefs.h */
conftest.c:63:3: warning: incompatible implicit declaration of built-in function 'exit'
   63 |   exit(-1);
      |   ^~~~
conftest.c:63:3: note: include '<stdlib.h>' or provide a declaration of 'exit'
configure:12677: $? = 0
configure:12677: ./conftest
configure:12677: $? = 0
configure:12687: result: yes
configure:13473: checking OS-specific settings
configure:13675: creating ./config.status

## ---------------------- ##
## Running config.status. ##
## ---------------------- ##

This file was extended by config.status, which was
generated by GNU Autoconf 2.67.  Invocation command line was

  CONFIG_FILES    = 
  CONFIG_HEADERS  = 
  CONFIG_LINKS    = 
  CONFIG_COMMANDS = 
  $ ./config.status 

on egesawo

config.status:1316: creating Makefile
config.status:1316: creating capi/Makefile
config.status:1316: creating capi/geos_c.h
config.status:1316: creating doc/Doxyfile
config.status:1316: creating doc/Makefile
config.status:1316: creating macros/Makefile
config.status:1316: creating src/Makefile
config.status:1316: creating src/algorithm/Makefile
config.status:1316: creating src/algorithm/locate/Makefile
config.status:1316: creating src/algorithm/distance/Makefile
config.status:1316: creating src/geom/Makefile
config.status:1316: creating src/geom/prep/Makefile
config.status:1316: creating src/geom/util/Makefile
config.status:1316: creating src/geomgraph/Makefile
config.status:1316: creating src/geomgraph/index/Makefile
config.status:1316: creating include/Makefile
config.status:1316: creating include/geos/Makefile
config.status:1316: creating include/geos/algorithm/Makefile
config.status:1316: creating include/geos/algorithm/locate/Makefile
config.status:1316: creating include/geos/algorithm/distance/Makefile
config.status:1316: creating include/geos/geom/Makefile
config.status:1316: creating include/geos/geom/prep/Makefile
config.status:1316: creating include/geos/geom/util/Makefile
config.status:1316: creating include/geos/geomgraph/Makefile
config.status:1316: creating include/geos/geomgraph/index/Makefile
config.status:1316: creating include/geos/index/Makefile
config.status:1316: creating include/geos/index/bintree/Makefile
config.status:1316: creating include/geos/index/chain/Makefile
config.status:1316: creating include/geos/index/intervalrtree/Makefile
config.status:1316: creating include/geos/index/quadtree/Makefile
config.status:1316: creating include/geos/index/strtree/Makefile
config.status:1316: creating include/geos/index/sweepline/Makefile
config.status:1316: creating include/geos/io/Makefile
config.status:1316: creating include/geos/linearref/Makefile
config.status:1316: creating include/geos/noding/Makefile
config.status:1316: creating include/geos/noding/snapround/Makefile
config.status:1316: creating include/geos/operation/Makefile
config.status:1316: creating include/geos/operation/buffer/Makefile
config.status:1316: creating include/geos/operation/distance/Makefile
config.status:1316: creating include/geos/operation/linemerge/Makefile
config.status:1316: creating include/geos/operation/overlay/Makefile
config.status:1316: creating include/geos/operation/overlay/snap/Makefile
config.status:1316: creating include/geos/operation/polygonize/Makefile
config.status:1316: creating include/geos/operation/predicate/Makefile
config.status:1316: creating include/geos/operation/relate/Makefile
config.status:1316: creating include/geos/operation/sharedpaths/Makefile
config.status:1316: creating include/geos/operation/union/Makefile
config.status:1316: creating include/geos/operation/valid/Makefile
config.status:1316: creating include/geos/planargraph/Makefile
config.status:1316: creating include/geos/planargraph/algorithm/Makefile
config.status:1316: creating include/geos/precision/Makefile
config.status:1316: creating include/geos/simplify/Makefile
config.status:1316: creating include/geos/triangulate/Makefile
config.status:1316: creating include/geos/triangulate/quadedge/Makefile
config.status:1316: creating include/geos/util/Makefile
config.status:1316: creating include/geos/version.h
config.status:1316: creating src/index/Makefile
config.status:1316: creating src/index/bintree/Makefile
config.status:1316: creating src/index/chain/Makefile
config.status:1316: creating src/index/intervalrtree/Makefile
config.status:1316: creating src/index/quadtree/Makefile
config.status:1316: creating src/index/strtree/Makefile
config.status:1316: creating src/index/sweepline/Makefile
config.status:1316: creating src/io/Makefile
config.status:1316: creating src/linearref/Makefile
config.status:1316: creating src/noding/Makefile
config.status:1316: creating src/noding/snapround/Makefile
config.status:1316: creating src/operation/Makefile
config.status:1316: creating src/operation/buffer/Makefile
config.status:1316: creating src/operation/distance/Makefile
config.status:1316: creating src/operation/linemerge/Makefile
config.status:1316: creating src/operation/overlay/Makefile
config.status:1316: creating src/operation/polygonize/Makefile
config.status:1316: creating src/operation/predicate/Makefile
config.status:1316: creating src/operation/relate/Makefile
config.status:1316: creating src/operation/sharedpaths/Makefile
config.status:1316: creating src/operation/union/Makefile
config.status:1316: creating src/operation/valid/Makefile
config.status:1316: creating src/planargraph/Makefile
config.status:1316: creating src/precision/Makefile
config.status:1316: creating src/simplify/Makefile
config.status:1316: creating src/triangulate/Makefile
config.status:1316: creating src/triangulate/quadedge/Makefile
config.status:1316: creating src/util/Makefile
config.status:1316: creating swig/geos.i
config.status:1316: creating swig/Makefile
config.status:1316: creating swig/python/Makefile
config.status:1316: creating swig/python/tests/Makefile
config.status:1316: creating swig/ruby/Makefile
config.status:1316: creating swig/ruby/test/Makefile
config.status:1316: creating php/Makefile
config.status:1316: creating php/test/Makefile
config.status:1316: creating tests/Makefile
config.status:1316: creating tests/bigtest/Makefile
config.status:1316: creating tests/unit/Makefile
config.status:1316: creating tests/perf/Makefile
config.status:1316: creating tests/perf/operation/Makefile
config.status:1316: creating tests/perf/operation/buffer/Makefile
config.status:1316: creating tests/perf/operation/predicate/Makefile
config.status:1316: creating tests/perf/capi/Makefile
config.status:1316: creating tests/xmltester/Makefile
config.status:1316: creating tests/geostest/Makefile
config.status:1316: creating tests/thread/Makefile
config.status:1316: creating tools/Makefile
config.status:1316: creating tools/geos-config
config.status:1316: creating include/config.h
config.status:1316: creating include/geos/platform.h
config.status:1544: executing depfiles commands
config.status:1544: executing libtool commands

## ---------------- ##
## Cache variables. ##
## ---------------- ##

ac_cv_build=x86_64-unknown-linux-gnu
ac_cv_c_compiler_gnu=yes
ac_cv_c_const=yes
ac_cv_cxx_compiler_gnu=yes
ac_cv_env_CCC_set=
ac_cv_env_CCC_value=
ac_cv_env_CC_set=
ac_cv_env_CC_value=
ac_cv_env_CFLAGS_set=
ac_cv_env_CFLAGS_value=
ac_cv_env_CPPFLAGS_set=
ac_cv_env_CPPFLAGS_value=
ac_cv_env_CPP_set=
ac_cv_env_CPP_value=
ac_cv_env_CXXCPP_set=
ac_cv_env_CXXCPP_value=
ac_cv_env_CXXFLAGS_set=
ac_cv_env_CXXFLAGS_value=
ac_cv_env_CXX_set=
ac_cv_env_CXX_value=
ac_cv_env_LDFLAGS_set=
ac_cv_env_LDFLAGS_value=
ac_cv_env_LIBS_set=
ac_cv_env_LIBS_value=
ac_cv_env_build_alias_set=
ac_cv_env_build_alias_value=
ac_cv_env_host_alias_set=
ac_cv_env_host_alias_value=
ac_cv_env_target_alias_set=
ac_cv_env_target_alias_value=
ac_cv_finite=yes
ac_cv_func__doprnt=no
ac_cv_func_alloca_works=yes
ac_cv_func_closedir_void=no
ac_cv_func_dlopen=no
ac_cv_func_gettimeofday=yes
ac_cv_func_memcmp_working=yes
ac_cv_func_memcpy=yes
ac_cv_func_shl_load=no
ac_cv_func_strchr=yes
ac_cv_func_strftime=yes
ac_cv_func_vprintf=yes
ac_cv_header_dirent_dirent_h=yes
ac_cv_header_dlfcn_h=yes
ac_cv_header_ieeefp_h=no
ac_cv_header_inttypes_h=yes
ac_cv_header_memory_h=yes
ac_cv_header_stat_broken=no
ac_cv_header_stdc=yes
ac_cv_header_stdint_h=yes
ac_cv_header_stdlib_h=yes
ac_cv_header_string_h=yes
ac_cv_header_strings_h=yes
ac_cv_header_sys_file_h=yes
ac_cv_header_sys_stat_h=yes
ac_cv_header_sys_time_h=yes
ac_cv_header_sys_types_h=yes
ac_cv_header_unistd_h=yes
ac_cv_host=x86_64-unknown-linux-gnu
ac_cv_isfinite=yes
ac_cv_isnan=no
ac_cv_lib_dl_dlopen=yes
ac_cv_lib_dld_shl_load=no
ac_cv_objext=o
ac_cv_path_EGREP='/usr/bin/grep -E'
ac_cv_path_FGREP='/usr/bin/grep -F'
ac_cv_path_GREP=/usr/bin/grep
ac_cv_path_SED=/usr/bin/sed
ac_cv_path_install='/usr/bin/install -c'
ac_cv_path_mkdir=/usr/bin/mkdir
ac_cv_prog_AWK=gawk
ac_cv_prog_CPP='gcc -E'
ac_cv_prog_CXXCPP='g++ -E'
ac_cv_prog_ac_ct_AR=ar
ac_cv_prog_ac_ct_CC=gcc
ac_cv_prog_ac_ct_CXX=g++
ac_cv_prog_ac_ct_OBJDUMP=objdump
ac_cv_prog_ac_ct_RANLIB=ranlib
ac_cv_prog_ac_ct_STRIP=strip
ac_cv_prog_cc_c89=
ac_cv_prog_cc_g=yes
ac_cv_prog_cxx_g=yes
ac_cv_prog_make_make_set=yes
ac_cv_search_opendir='none required'
ac_cv_search_strerror='none required'
ac_cv_struct_tm=time.h
ac_cv_target=x86_64-unknown-linux-gnu
ac_cv_type_size_t=yes
ac_cv_working_alloca_h=yes
am_cv_CC_dependencies_compiler_type=gcc3
am_cv_CXX_dependencies_compiler_type=gcc3
dummy_cv_ansi=yes
dummy_cv_ffloat_store=yes
dummy_cv_no_long_long=yes
dummy_cv_pedantic=yes
dummy_cv_wall=yes
lt_cv_deplibs_check_method=pass_all
lt_cv_dlopen=dlopen
lt_cv_dlopen_libs=-ldl
lt_cv_dlopen_self=yes
lt_cv_dlopen_self_static=no
lt_cv_file_magic_cmd='$MAGIC_CMD'
lt_cv_file_magic_test_file=
lt_cv_ld_reload_flag=-r
lt_cv_nm_interface='BSD nm'
lt_cv_objdir=.libs
lt_cv_path_LD=/usr/bin/ld
lt_cv_path_LDCXX='/usr/bin/ld -m elf_x86_64'
lt_cv_path_NM='/usr/bin/nm -B'
lt_cv_prog_compiler_c_o=yes
lt_cv_prog_compiler_c_o_CXX=yes
lt_cv_prog_compiler_pic_works=yes
lt_cv_prog_compiler_pic_works_CXX=yes
lt_cv_prog_compiler_rtti_exceptions=no
lt_cv_prog_compiler_static_works=yes
lt_cv_prog_compiler_static_works_CXX=yes
lt_cv_prog_gnu_ld=yes
lt_cv_prog_gnu_ldcxx=yes
lt_cv_sys_global_symbol_pipe='sed -n -e '\''s/^.*[	 ]\([ABCDGIRSTW][ABCDGIRSTW]*\)[	 ][	 ]*\([_A-Za-z][_A-Za-z0-9]*\)$/\1 \2 \2/p'\'''
lt_cv_sys_global_symbol_to_c_name_address='sed -n -e '\''s/^: \([^ ]*\) $/  {\"\1\", (void *) 0},/p'\'' -e '\''s/^[ABCDGIRSTW]* \([^ ]*\) \([^ ]*\)$/  {"\2", (void *) \&\2},/p'\'''
lt_cv_sys_global_symbol_to_c_name_address_lib_prefix='sed -n -e '\''s/^: \([^ ]*\) $/  {\"\1\", (void *) 0},/p'\'' -e '\''s/^[ABCDGIRSTW]* \([^ ]*\) \(lib[^ ]*\)$/  {"\2", (void *) \&\2},/p'\'' -e '\''s/^[ABCDGIRSTW]* \([^ ]*\) \([^ ]*\)$/  {"lib\2", (void *) \&\2},/p'\'''
lt_cv_sys_global_symbol_to_cdecl='sed -n -e '\''s/^T .* \(.*\)$/extern int \1();/p'\'' -e '\''s/^[ABCDGIRSTW]* .* \(.*\)$/extern char \1;/p'\'''
lt_cv_sys_max_cmd_len=1572864
pgac_cv_type_int64_t_64=no
pgac_cv_type_long_int_64=yes

## ----------------- ##
## Output variables. ##
## ----------------- ##

ACLOCAL='${SHELL} /home/egesa/Documents/Map/mapproject/geos-3.4.2/missing --run aclocal-1.11'
ALLOCA=''
AMDEPBACKSLASH='\'
AMDEP_FALSE='#'
AMDEP_TRUE=''
AMTAR='${SHELL} /home/egesa/Documents/Map/mapproject/geos-3.4.2/missing --run tar'
AM_CFLAGS='  -pedantic -Wall -ansi -Wno-long-long  -ffloat-store'
AM_CXXFLAGS=' -DGEOS_INLINE  -pedantic -Wall -ansi -Wno-long-long  -ffloat-store'
AR='ar'
AS='as'
AUTOCONF='${SHELL} /home/egesa/Documents/Map/mapproject/geos-3.4.2/missing --run autoconf'
AUTOHEADER='${SHELL} /home/egesa/Documents/Map/mapproject/geos-3.4.2/missing --run autoheader'
AUTOMAKE='${SHELL} /home/egesa/Documents/Map/mapproject/geos-3.4.2/missing --run automake-1.11'
AWK='gawk'
CAPI_INTERFACE_AGE='8'
CAPI_INTERFACE_CURRENT='9'
CAPI_INTERFACE_REVISION='2'
CAPI_VERSION='1.8.2'
CAPI_VERSION_MAJOR='1'
CAPI_VERSION_MINOR='8'
CAPI_VERSION_PATCH='2'
CC='gcc'
CCDEPMODE='depmode=gcc3'
CFLAGS='-g -O2'
CPP='gcc -E'
CPPFLAGS=''
CXX='g++'
CXXCPP='g++ -E'
CXXDEPMODE='depmode=gcc3'
CXXFLAGS='-g -O2'
CYGPATH_W='echo'
DEFS='-DHAVE_CONFIG_H'
DEPDIR='.deps'
DLLTOOL='dlltool'
DSYMUTIL=''
DUMPBIN=''
ECHO_C=''
ECHO_N='-n'
ECHO_T=''
EGREP='/usr/bin/grep -E'
ENABLE_PHP_FALSE=''
ENABLE_PHP_TRUE='#'
ENABLE_PYTHON_FALSE=''
ENABLE_PYTHON_TRUE='#'
ENABLE_RUBY_FALSE=''
ENABLE_RUBY_TRUE='#'
ENABLE_SWIG_FALSE=''
ENABLE_SWIG_TRUE='#'
EXEEXT=''
FGREP='/usr/bin/grep -F'
GREP='/usr/bin/grep'
HAVE_PHP_FALSE=''
HAVE_PHP_TRUE='#'
HAVE_PHP_UNIT_FALSE=''
HAVE_PHP_UNIT_TRUE='#'
INLINE_FLAGS='-DGEOS_INLINE'
INSTALL_DATA='${INSTALL} -m 644'
INSTALL_PROGRAM='${INSTALL}'
INSTALL_SCRIPT='${INSTALL}'
INSTALL_STRIP_PROGRAM='$(install_sh) -c -s'
INTERFACE_AGE=''
INTERFACE_CURRENT=''
INTERFACE_REVISION=''
JTS_PORT='1.12.0'
LD='/usr/bin/ld -m elf_x86_64'
LDFLAGS=''
LIBOBJS=''
LIBS=''
LIBTOOL='$(SHELL) $(top_builddir)/libtool'
LIPO=''
LN_S='ln -s'
LTLIBOBJS=''
MAINT='#'
MAINTAINER_MODE_FALSE=''
MAINTAINER_MODE_TRUE='#'
MAKEINFO='${SHELL} /home/egesa/Documents/Map/mapproject/geos-3.4.2/missing --run makeinfo'
MKDIR_P='/usr/bin/mkdir -p'
NM='/usr/bin/nm -B'
NMEDIT=''
OBJDUMP='objdump'
OBJEXT='o'
OTOOL64=''
OTOOL=''
PACKAGE='geos'
PACKAGE_BUGREPORT=''
PACKAGE_NAME=''
PACKAGE_STRING=''
PACKAGE_TARNAME=''
PACKAGE_URL=''
PACKAGE_VERSION=''
PATH_SEPARATOR=':'
PHP=''
PHPUNIT=''
PHP_CONFIG=''
PYTHON=''
PYTHON_CPPFLAGS=''
PYTHON_EXEC_PREFIX=''
PYTHON_EXTRA_LIBS=''
PYTHON_LDFLAGS=''
PYTHON_PLATFORM=''
PYTHON_PREFIX=''
PYTHON_SITE_PKG=''
PYTHON_VERSION=''
RANLIB='ranlib'
RUBY=''
RUBY_BIN_DIR=''
RUBY_EXTENSION_DIR=''
RUBY_INCLUDE_DIR=''
RUBY_LIB_DIR=''
RUBY_SHARED_LIB=''
RUBY_SITE_ARCH=''
RUBY_SO_NAME=''
RUBY_VERSION=''
SED='/usr/bin/sed'
SET_MAKE=''
SHELL='/bin/bash'
STRIP='strip'
SWIG=''
SWIG_LIB=''
SWIG_PYTHON_CPPFLAGS=''
SWIG_PYTHON_OPT=''
VERSION='3.4.2'
VERSION_MAJOR='3'
VERSION_MINOR='4'
VERSION_PATCH='2'
ac_ct_CC='gcc'
ac_ct_CXX='g++'
ac_ct_DUMPBIN=''
am__EXEEXT_FALSE=''
am__EXEEXT_TRUE='#'
am__fastdepCC_FALSE='#'
am__fastdepCC_TRUE=''
am__fastdepCXX_FALSE='#'
am__fastdepCXX_TRUE=''
am__include='include'
am__isrc=''
am__leading_dot='.'
am__quote=''
am__tar='${AMTAR} chof - "$$tardir"'
am__untar='${AMTAR} xf -'
bindir='${exec_prefix}/bin'
build='x86_64-unknown-linux-gnu'
build_alias=''
build_cpu='x86_64'
build_os='linux-gnu'
build_vendor='unknown'
datadir='${datarootdir}'
datarootdir='${prefix}/share'
docdir='${datarootdir}/doc/${PACKAGE}'
dvidir='${docdir}'
exec_prefix='${prefix}'
host='x86_64-unknown-linux-gnu'
host_alias=''
host_cpu='x86_64'
host_os='linux-gnu'
host_vendor='unknown'
htmldir='${docdir}'
includedir='${prefix}/include'
infodir='${datarootdir}/info'
install_sh='${SHELL} /home/egesa/Documents/Map/mapproject/geos-3.4.2/install-sh'
libdir='${exec_prefix}/lib'
libexecdir='${exec_prefix}/libexec'
localedir='${datarootdir}/locale'
localstatedir='${prefix}/var'
lt_ECHO='echo'
mandir='${datarootdir}/man'
mkdir_p='/usr/bin/mkdir -p'
oldincludedir='/usr/include'
pdfdir='${docdir}'
pkgpyexecdir=''
pkgpythondir=''
prefix='/usr/local'
program_transform_name='s,x,x,'
psdir='${docdir}'
pyexecdir=''
pythondir=''
sbindir='${exec_prefix}/sbin'
sharedstatedir='${prefix}/com'
sysconfdir='${prefix}/etc'
target='x86_64-unknown-linux-gnu'
target_alias=''
target_cpu='x86_64'
target_os='linux-gnu'
target_vendor='unknown'

## ----------- ##
## confdefs.h. ##
## ----------- ##

/* confdefs.h */
#define PACKAGE_NAME ""
#define PACKAGE_TARNAME ""
#define PACKAGE_VERSION ""
#define PACKAGE_STRING ""
#define PACKAGE_BUGREPORT ""
#define PACKAGE_URL ""
#define STDC_HEADERS 1
#define HAVE_SYS_TYPES_H 1
#define HAVE_SYS_STAT_H 1
#define HAVE_STDLIB_H 1
#define HAVE_STRING_H 1
#define HAVE_MEMORY_H 1
#define HAVE_STRINGS_H 1
#define HAVE_INTTYPES_H 1
#define HAVE_STDINT_H 1
#define HAVE_UNISTD_H 1
#define HAVE_DLFCN_H 1
#define LT_OBJDIR ".libs/"
#define HAVE_DIRENT_H 1
#define HAVE_STRFTIME 1
#define HAVE_VPRINTF 1
#define HAVE_ALLOCA_H 1
#define HAVE_ALLOCA 1
#define HAVE_DIRENT_H 1
#define STDC_HEADERS 1
#define HAVE_MEMORY_H 1
#define HAVE_UNISTD_H 1
#define HAVE_SYS_FILE_H 1
#define HAVE_SYS_TIME_H 1
#define HAVE_STRCHR 1
#define HAVE_MEMCPY 1
#define HAVE_GETTIMEOFDAY 1
#define HAVE_FINITE 1
#define HAVE_ISFINITE 1
#define HAVE_LONG_INT_64 1

configure: exit 0
